{
  "stats": {
    "suites": 1,
    "tests": 3,
    "passes": 3,
    "pending": 0,
    "failures": 0,
    "start": "2019-02-16T17:11:31.377Z",
    "end": "2019-02-16T17:11:31.538Z",
    "duration": 161,
    "testsRegistered": 3,
    "passPercent": 100,
    "pendingPercent": 0,
    "other": 0,
    "hasOther": false,
    "skipped": 0,
    "hasSkipped": false,
    "passPercentClass": "success",
    "pendingPercentClass": "danger"
  },
  "suites": {
    "uuid": "e51abd97-0a31-4f54-9277-8010a15bd13f",
    "title": "",
    "fullFile": "",
    "file": "",
    "beforeHooks": [],
    "afterHooks": [],
    "tests": [],
    "suites": [
      {
        "uuid": "52777d7b-da76-4469-a396-50a92991d3ac",
        "title": "GET /",
        "fullFile": "/Users/petereykens/Projects/demoApp/test/test.js",
        "file": "/test/test.js",
        "beforeHooks": [],
        "afterHooks": [],
        "tests": [
          {
            "title": "respond with hello world",
            "fullTitle": "GET / respond with hello world",
            "timedOut": false,
            "duration": 81,
            "state": "passed",
            "speed": "slow",
            "pass": true,
            "fail": false,
            "pending": false,
            "code": "this.timeout(1000);\n//navigate to root and check the the response is \"hello world\"\nrequest(app)\n    .get('/')\n    .expect(200, done);",
            "err": {},
            "isRoot": false,
            "uuid": "c7fb21b8-1480-4f37-b140-5afebda8e538",
            "isHook": false,
            "skipped": false
          },
          {
            "title": "respond 500",
            "fullTitle": "GET / respond 500",
            "timedOut": false,
            "duration": 3,
            "state": "passed",
            "speed": "fast",
            "pass": true,
            "fail": false,
            "pending": false,
            "code": "this.timeout(1000);\n//navigate to root and check the the response is \"hello world\"\nrequest(app)\n    .get('/bad')\n    .expect(500, done);",
            "err": {},
            "isRoot": false,
            "uuid": "b9267d70-e1a1-492e-b4ac-9d0be3f2d96a",
            "isHook": false,
            "skipped": false
          },
          {
            "title": "respond with 200",
            "fullTitle": "GET / respond with 200",
            "timedOut": false,
            "duration": 71,
            "state": "passed",
            "speed": "medium",
            "pass": true,
            "fail": false,
            "pending": false,
            "code": "this.timeout(1000);\n//navigate to root and check the the response is \"hello world\"\nrequest(app)\n    .get('/metrics')\n    .expect(200, done);",
            "err": {},
            "isRoot": false,
            "uuid": "99d6db5f-33f7-4191-a5bb-758975e43d5f",
            "isHook": false,
            "skipped": false
          }
        ],
        "suites": [],
        "passes": [
          "c7fb21b8-1480-4f37-b140-5afebda8e538",
          "b9267d70-e1a1-492e-b4ac-9d0be3f2d96a",
          "99d6db5f-33f7-4191-a5bb-758975e43d5f"
        ],
        "failures": [],
        "pending": [],
        "skipped": [],
        "duration": 155,
        "root": false,
        "rootEmpty": false,
        "_timeout": 2000
      }
    ],
    "passes": [],
    "failures": [],
    "pending": [],
    "skipped": [],
    "duration": 0,
    "root": true,
    "rootEmpty": true,
    "_timeout": 2000
  },
  "copyrightYear": 2019
}